<?xml version="1.0" encoding="UTF-8"?>
<testng-results skipped="0" failed="1" ignored="0" total="1" passed="0">
  <reporter-output>
  </reporter-output>
  <suite name="Default suite" duration-ms="8833" started-at="2020-02-24T15:23:19 IST" finished-at="2020-02-24T15:23:28 IST">
    <groups>
    </groups>
    <test name="Default test" duration-ms="8833" started-at="2020-02-24T15:23:19 IST" finished-at="2020-02-24T15:23:28 IST">
      <class name="FreeCRMTest">
        <test-method status="PASS" signature="setExtend()[pri:0, instance:FreeCRMTest@23faf8f2]" name="setExtend" is-config="true" duration-ms="95" started-at="2020-02-24T15:23:19 IST" finished-at="2020-02-24T15:23:19 IST">
          <reporter-output>
          </reporter-output>
        </test-method> <!-- setExtend -->
        <test-method status="PASS" signature="setUp()[pri:0, instance:FreeCRMTest@23faf8f2]" name="setUp" is-config="true" duration-ms="6119" started-at="2020-02-24T15:23:19 IST" finished-at="2020-02-24T15:23:25 IST">
          <reporter-output>
          </reporter-output>
        </test-method> <!-- setUp -->
        <test-method status="FAIL" signature="freeCrmTitleTest()[pri:0, instance:FreeCRMTest@23faf8f2]" name="freeCrmTitleTest" duration-ms="72" started-at="2020-02-24T15:23:25 IST" finished-at="2020-02-24T15:23:25 IST">
          <exception class="java.lang.AssertionError">
            <message>
              <![CDATA[expected [Free CRM #1 cloud software for any business large or small123] but found [Free CRM #1 cloud software for any business large or small]]]>
            </message>
            <full-stacktrace>
              <![CDATA[java.lang.AssertionError: expected [Free CRM #1 cloud software for any business large or small123] but found [Free CRM #1 cloud software for any business large or small]
at org.testng.Assert.fail(Assert.java:97)
at org.testng.Assert.assertEqualsImpl(Assert.java:136)
at org.testng.Assert.assertEquals(Assert.java:118)
at org.testng.Assert.assertEquals(Assert.java:575)
at org.testng.Assert.assertEquals(Assert.java:585)
at FreeCRMTest.freeCrmTitleTest(FreeCRMTest.java:100)
at sun.reflect.NativeMethodAccessorImpl.invoke0(Native Method)
at sun.reflect.NativeMethodAccessorImpl.invoke(Unknown Source)
at sun.reflect.DelegatingMethodAccessorImpl.invoke(Unknown Source)
at java.lang.reflect.Method.invoke(Unknown Source)
at org.testng.internal.MethodInvocationHelper.invokeMethod(MethodInvocationHelper.java:134)
at org.testng.internal.TestInvoker.invokeMethod(TestInvoker.java:597)
at org.testng.internal.TestInvoker.invokeTestMethod(TestInvoker.java:173)
at org.testng.internal.MethodRunner.runInSequence(MethodRunner.java:46)
at org.testng.internal.TestInvoker$MethodInvocationAgent.invoke(TestInvoker.java:816)
at org.testng.internal.TestInvoker.invokeTestMethods(TestInvoker.java:146)
at org.testng.internal.TestMethodWorker.invokeTestMethods(TestMethodWorker.java:146)
at org.testng.internal.TestMethodWorker.run(TestMethodWorker.java:128)
at java.util.ArrayList.forEach(Unknown Source)
at org.testng.TestRunner.privateRun(TestRunner.java:766)
at org.testng.TestRunner.run(TestRunner.java:587)
at org.testng.SuiteRunner.runTest(SuiteRunner.java:384)
at org.testng.SuiteRunner.runSequentially(SuiteRunner.java:378)
at org.testng.SuiteRunner.privateRun(SuiteRunner.java:337)
at org.testng.SuiteRunner.run(SuiteRunner.java:286)
at org.testng.SuiteRunnerWorker.runSuite(SuiteRunnerWorker.java:53)
at org.testng.SuiteRunnerWorker.run(SuiteRunnerWorker.java:96)
at org.testng.TestNG.runSuitesSequentially(TestNG.java:1187)
at org.testng.TestNG.runSuitesLocally(TestNG.java:1109)
at org.testng.TestNG.runSuites(TestNG.java:1039)
at org.testng.TestNG.run(TestNG.java:1007)
at org.testng.remote.AbstractRemoteTestNG.run(AbstractRemoteTestNG.java:115)
at org.testng.remote.RemoteTestNG.initAndRun(RemoteTestNG.java:251)
at org.testng.remote.RemoteTestNG.main(RemoteTestNG.java:77)
]]>
            </full-stacktrace>
          </exception> <!-- java.lang.AssertionError -->
          <reporter-output>
          </reporter-output>
        </test-method> <!-- freeCrmTitleTest -->
        <test-method status="PASS" signature="teardown(org.testng.ITestResult)[pri:0, instance:FreeCRMTest@23faf8f2]" name="teardown" is-config="true" duration-ms="2224" started-at="2020-02-24T15:23:25 IST" finished-at="2020-02-24T15:23:27 IST">
          <params>
            <param index="0">
              <value>
                <![CDATA[[TestResult name=freeCrmTitleTest status=FAILURE method=FreeCRMTest.freeCrmTitleTest()[pri:0, instance:FreeCRMTest@23faf8f2] output={null}]]]>
              </value>
            </param>
          </params>
          <reporter-output>
          </reporter-output>
        </test-method> <!-- teardown -->
        <test-method status="PASS" signature="EndReport()[pri:0, instance:FreeCRMTest@23faf8f2]" name="EndReport" is-config="true" duration-ms="287" started-at="2020-02-24T15:23:27 IST" finished-at="2020-02-24T15:23:28 IST">
          <reporter-output>
          </reporter-output>
        </test-method> <!-- EndReport -->
      </class> <!-- FreeCRMTest -->
    </test> <!-- Default test -->
  </suite> <!-- Default suite -->
</testng-results>
